c:\users\frank\documents\github\cs520project\apex_isa_implementation\apex_isa_implementation\debug\apex_isa_implementation.pch
c:\users\frank\documents\github\cs520project\apex_isa_implementation\apex_isa_implementation\debug\vc120.pdb
c:\users\frank\documents\github\cs520project\apex_isa_implementation\apex_isa_implementation\debug\vc120.idb
c:\users\frank\documents\github\cs520project\apex_isa_implementation\apex_isa_implementation\debug\stdafx.obj
c:\users\frank\documents\github\cs520project\apex_isa_implementation\apex_isa_implementation\debug\alu1.obj
c:\users\frank\documents\github\cs520project\apex_isa_implementation\apex_isa_implementation\debug\alu2.obj
c:\users\frank\documents\github\cs520project\apex_isa_implementation\apex_isa_implementation\debug\apex_isa_implementation.obj
c:\users\frank\documents\github\cs520project\apex_isa_implementation\apex_isa_implementation\debug\branch.obj
c:\users\frank\documents\github\cs520project\apex_isa_implementation\apex_isa_implementation\debug\decode.obj
c:\users\frank\documents\github\cs520project\apex_isa_implementation\apex_isa_implementation\debug\delay.obj
c:\users\frank\documents\github\cs520project\apex_isa_implementation\apex_isa_implementation\debug\dispatch.obj
c:\users\frank\documents\github\cs520project\apex_isa_implementation\apex_isa_implementation\debug\fetch.obj
c:\users\frank\documents\github\cs520project\apex_isa_implementation\apex_isa_implementation\debug\global.obj
c:\users\frank\documents\github\cs520project\apex_isa_implementation\apex_isa_implementation\debug\issuequeue.obj
c:\users\frank\documents\github\cs520project\apex_isa_implementation\apex_isa_implementation\debug\memory.obj
c:\users\frank\documents\github\cs520project\apex_isa_implementation\apex_isa_implementation\debug\multiply.obj
c:\users\frank\documents\github\cs520project\apex_isa_implementation\apex_isa_implementation\debug\writeback.obj
c:\users\frank\documents\github\cs520project\apex_isa_implementation\apex_isa_implementation\debug\apex_isa_implementation.res
c:\users\frank\documents\github\cs520project\apex_isa_implementation\debug\apex_isa_implementation.pdb
c:\users\frank\documents\github\cs520project\apex_isa_implementation\apex_isa_implementation\debug\apex_isa.3826e0e0.tlog\cl.command.1.tlog
c:\users\frank\documents\github\cs520project\apex_isa_implementation\apex_isa_implementation\debug\apex_isa.3826e0e0.tlog\cl.read.1.tlog
c:\users\frank\documents\github\cs520project\apex_isa_implementation\apex_isa_implementation\debug\apex_isa.3826e0e0.tlog\cl.write.1.tlog
c:\users\frank\documents\github\cs520project\apex_isa_implementation\apex_isa_implementation\debug\apex_isa.3826e0e0.tlog\link.command.1.tlog
c:\users\frank\documents\github\cs520project\apex_isa_implementation\apex_isa_implementation\debug\apex_isa.3826e0e0.tlog\link.read.1.tlog
c:\users\frank\documents\github\cs520project\apex_isa_implementation\apex_isa_implementation\debug\apex_isa.3826e0e0.tlog\link.write.1.tlog
c:\users\frank\documents\github\cs520project\apex_isa_implementation\apex_isa_implementation\debug\apex_isa.3826e0e0.tlog\rc.command.1.tlog
c:\users\frank\documents\github\cs520project\apex_isa_implementation\apex_isa_implementation\debug\apex_isa.3826e0e0.tlog\rc.read.1.tlog
c:\users\frank\documents\github\cs520project\apex_isa_implementation\apex_isa_implementation\debug\apex_isa.3826e0e0.tlog\rc.write.1.tlog
