Build started 11/27/2016 4:58:54 PM.
     1>Project "C:\Users\Frank\Documents\GitHub\cs520project\APEX_ISA_Implementation\APEX_ISA_Implementation\APEX_ISA_Implementation.vcxproj" on node 2 (Rebuild target(s)).
     1>ClCompile:
         C:\Program Files (x86)\Microsoft Visual Studio 12.0\VC\bin\CL.exe /c /ZI /nologo /W3 /WX- /sdl /Od /Oy- /D WIN32 /D _DEBUG /D _CONSOLE /D _LIB /D _UNICODE /D UNICODE /Gm /EHsc /RTC1 /MDd /GS /fp:precise /Zc:wchar_t /Zc:forScope /Yc"stdafx.h" /Fp"Debug\APEX_ISA_Implementation.pch" /Fo"Debug\\" /Fd"Debug\vc120.pdb" /Gd /TP /analyze- /errorReport:prompt stdafx.cpp
         stdafx.cpp
         C:\Program Files (x86)\Microsoft Visual Studio 12.0\VC\bin\CL.exe /c /ZI /nologo /W3 /WX- /sdl /Od /Oy- /D WIN32 /D _DEBUG /D _CONSOLE /D _LIB /D _UNICODE /D UNICODE /Gm /EHsc /RTC1 /MDd /GS /fp:precise /Zc:wchar_t /Zc:forScope /Yu"stdafx.h" /Fp"Debug\APEX_ISA_Implementation.pch" /Fo"Debug\\" /Fd"Debug\vc120.pdb" /Gd /TP /analyze- /errorReport:prompt ALU1.cpp ALU2.cpp APEX_ISA_Implementation.cpp Branch.cpp Decode.cpp Delay.cpp Fetch.cpp Global.cpp Memory.cpp WriteBack.cpp
         WriteBack.cpp
     1>c:\users\frank\documents\github\cs520project\apex_isa_implementation\apex_isa_implementation\global.h(76): error C2365: 'X' : redefinition; previous definition was 'enumerator'
                 c:\users\frank\documents\github\cs520project\apex_isa_implementation\apex_isa_implementation\global.h(62) : see declaration of 'X'
     1>c:\users\frank\documents\github\cs520project\apex_isa_implementation\apex_isa_implementation\writeback.cpp(24): error C2440: '=' : cannot convert from 'Global::STATUS' to 'Global::REGISTER_ALLOCATION'
                 Conversion to enumeration type requires an explicit cast (static_cast, C-style cast or function-style cast)
         Memory.cpp
     1>c:\users\frank\documents\github\cs520project\apex_isa_implementation\apex_isa_implementation\global.h(76): error C2365: 'X' : redefinition; previous definition was 'enumerator'
                 c:\users\frank\documents\github\cs520project\apex_isa_implementation\apex_isa_implementation\global.h(62) : see declaration of 'X'
     1>c:\users\frank\documents\github\cs520project\apex_isa_implementation\apex_isa_implementation\memory.cpp(48): error C2440: '=' : cannot convert from 'Global::ARCH_REGISTERS' to 'Global::REGISTERS'
                 Conversion to enumeration type requires an explicit cast (static_cast, C-style cast or function-style cast)
     1>c:\users\frank\documents\github\cs520project\apex_isa_implementation\apex_isa_implementation\memory.cpp(62): error C2440: '=' : cannot convert from 'Global::ARCH_REGISTERS' to 'Global::REGISTERS'
                 Conversion to enumeration type requires an explicit cast (static_cast, C-style cast or function-style cast)
         Global.cpp
     1>c:\users\frank\documents\github\cs520project\apex_isa_implementation\apex_isa_implementation\global.h(76): error C2365: 'X' : redefinition; previous definition was 'enumerator'
                 c:\users\frank\documents\github\cs520project\apex_isa_implementation\apex_isa_implementation\global.h(62) : see declaration of 'X'
         Fetch.cpp
     1>c:\users\frank\documents\github\cs520project\apex_isa_implementation\apex_isa_implementation\global.h(76): error C2365: 'X' : redefinition; previous definition was 'enumerator'
                 c:\users\frank\documents\github\cs520project\apex_isa_implementation\apex_isa_implementation\global.h(62) : see declaration of 'X'
         Delay.cpp
     1>c:\users\frank\documents\github\cs520project\apex_isa_implementation\apex_isa_implementation\global.h(76): error C2365: 'X' : redefinition; previous definition was 'enumerator'
                 c:\users\frank\documents\github\cs520project\apex_isa_implementation\apex_isa_implementation\global.h(62) : see declaration of 'X'
         Decode.cpp
     1>c:\users\frank\documents\github\cs520project\apex_isa_implementation\apex_isa_implementation\global.h(76): error C2365: 'X' : redefinition; previous definition was 'enumerator'
                 c:\users\frank\documents\github\cs520project\apex_isa_implementation\apex_isa_implementation\global.h(62) : see declaration of 'X'
     1>c:\users\frank\documents\github\cs520project\apex_isa_implementation\apex_isa_implementation\decode.cpp(635): error C2440: '=' : cannot convert from 'Global::ARCH_REGISTERS' to 'Global::REGISTERS'
                 Conversion to enumeration type requires an explicit cast (static_cast, C-style cast or function-style cast)
     1>c:\users\frank\documents\github\cs520project\apex_isa_implementation\apex_isa_implementation\decode.cpp(637): error C2440: '=' : cannot convert from 'Global::ARCH_REGISTERS' to 'Global::REGISTERS'
                 Conversion to enumeration type requires an explicit cast (static_cast, C-style cast or function-style cast)
     1>c:\users\frank\documents\github\cs520project\apex_isa_implementation\apex_isa_implementation\decode.cpp(640): error C2440: '=' : cannot convert from 'Global::ARCH_REGISTERS' to 'Global::REGISTERS'
                 Conversion to enumeration type requires an explicit cast (static_cast, C-style cast or function-style cast)
     1>c:\users\frank\documents\github\cs520project\apex_isa_implementation\apex_isa_implementation\decode.cpp(653): error C2440: '=' : cannot convert from 'Global::ARCH_REGISTERS' to 'Global::REGISTERS'
                 Conversion to enumeration type requires an explicit cast (static_cast, C-style cast or function-style cast)
     1>c:\users\frank\documents\github\cs520project\apex_isa_implementation\apex_isa_implementation\decode.cpp(655): error C2440: '=' : cannot convert from 'Global::ARCH_REGISTERS' to 'Global::REGISTERS'
                 Conversion to enumeration type requires an explicit cast (static_cast, C-style cast or function-style cast)
     1>c:\users\frank\documents\github\cs520project\apex_isa_implementation\apex_isa_implementation\decode.cpp(659): error C2440: '=' : cannot convert from 'Global::ARCH_REGISTERS' to 'Global::REGISTERS'
                 Conversion to enumeration type requires an explicit cast (static_cast, C-style cast or function-style cast)
     1>c:\users\frank\documents\github\cs520project\apex_isa_implementation\apex_isa_implementation\decode.cpp(681): error C2440: '=' : cannot convert from 'Global::STATUS' to 'Global::REGISTER_ALLOCATION'
                 Conversion to enumeration type requires an explicit cast (static_cast, C-style cast or function-style cast)
     1>c:\users\frank\documents\github\cs520project\apex_isa_implementation\apex_isa_implementation\decode.cpp(684): error C2065: 'Most_Recent_Reg' : undeclared identifier
         Branch.cpp
     1>c:\users\frank\documents\github\cs520project\apex_isa_implementation\apex_isa_implementation\global.h(76): error C2365: 'X' : redefinition; previous definition was 'enumerator'
                 c:\users\frank\documents\github\cs520project\apex_isa_implementation\apex_isa_implementation\global.h(62) : see declaration of 'X'
         APEX_ISA_Implementation.cpp
     1>c:\users\frank\documents\github\cs520project\apex_isa_implementation\apex_isa_implementation\apex_isa_implementation.cpp(13): warning C4627: '#include "APEX_ISA_Implementation.h"': skipped when looking for precompiled header use
                 Add directive to 'stdafx.h' or rebuild precompiled header
     1>c:\users\frank\documents\github\cs520project\apex_isa_implementation\apex_isa_implementation\global.h(76): error C2365: 'X' : redefinition; previous definition was 'enumerator'
                 c:\users\frank\documents\github\cs520project\apex_isa_implementation\apex_isa_implementation\global.h(62) : see declaration of 'X'
     1>c:\users\frank\documents\github\cs520project\apex_isa_implementation\apex_isa_implementation\apex_isa_implementation.cpp(135): error C2440: '=' : cannot convert from 'Global::STATUS' to 'Global::REGISTER_ALLOCATION'
                 Conversion to enumeration type requires an explicit cast (static_cast, C-style cast or function-style cast)
     1>c:\users\frank\documents\github\cs520project\apex_isa_implementation\apex_isa_implementation\apex_isa_implementation.cpp(249): error C2665: 'Global::toString' : none of the 7 overloads could convert all the argument types
                 c:\users\frank\documents\github\cs520project\apex_isa_implementation\apex_isa_implementation\global.h(306): could be 'std::string Global::toString(Global::STALLED_STAGE)'
                 c:\users\frank\documents\github\cs520project\apex_isa_implementation\apex_isa_implementation\global.h(305): or       'std::string Global::toString(Global::ROB_ALLOCATION)'
                 c:\users\frank\documents\github\cs520project\apex_isa_implementation\apex_isa_implementation\global.h(304): or       'std::string Global::toString(Global::STATUS)'
                 c:\users\frank\documents\github\cs520project\apex_isa_implementation\apex_isa_implementation\global.h(303): or       'std::string Global::toString(Global::FORWARD_TYPE)'
                 c:\users\frank\documents\github\cs520project\apex_isa_implementation\apex_isa_implementation\global.h(302): or       'std::string Global::toString(Global::REGISTERS)'
                 c:\users\frank\documents\github\cs520project\apex_isa_implementation\apex_isa_implementation\global.h(300): or       'std::string Global::toString(Global::FLAGS)'
                 c:\users\frank\documents\github\cs520project\apex_isa_implementation\apex_isa_implementation\global.h(299): or       'std::string Global::toString(Global::OPCODE)'
                 while trying to match the argument list '(Global::REGISTER_ALLOCATION)'
     1>c:\users\frank\documents\github\cs520project\apex_isa_implementation\apex_isa_implementation\apex_isa_implementation.cpp(505): error C2664: 'bool WriteBack::run(Global::Register_Info (&)[17],Global::Forwarding_Info (&)[4],int (&)[17])' : cannot convert argument 1 from 'Global::Register_Info [34]' to 'Global::Register_Info (&)[17]'
         ALU2.cpp
     1>c:\users\frank\documents\github\cs520project\apex_isa_implementation\apex_isa_implementation\global.h(76): error C2365: 'X' : redefinition; previous definition was 'enumerator'
                 c:\users\frank\documents\github\cs520project\apex_isa_implementation\apex_isa_implementation\global.h(62) : see declaration of 'X'
         ALU1.cpp
     1>c:\users\frank\documents\github\cs520project\apex_isa_implementation\apex_isa_implementation\global.h(76): error C2365: 'X' : redefinition; previous definition was 'enumerator'
                 c:\users\frank\documents\github\cs520project\apex_isa_implementation\apex_isa_implementation\global.h(62) : see declaration of 'X'
         Generating Code...
     1>Done Building Project "C:\Users\Frank\Documents\GitHub\cs520project\APEX_ISA_Implementation\APEX_ISA_Implementation\APEX_ISA_Implementation.vcxproj" (Rebuild target(s)) -- FAILED.

Build FAILED.

Time Elapsed 00:00:02.80
