c:\users\frank\documents\github\cs520project\apex_isa_implementation\apex_isa_implementation\release\apex_isa_implementation.pch
c:\users\frank\documents\github\cs520project\apex_isa_implementation\apex_isa_implementation\release\vc120.pdb
c:\users\frank\documents\github\cs520project\apex_isa_implementation\apex_isa_implementation\release\stdafx.obj
c:\users\frank\documents\github\cs520project\apex_isa_implementation\apex_isa_implementation\release\writeback.obj
c:\users\frank\documents\github\cs520project\apex_isa_implementation\apex_isa_implementation\release\memory.obj
c:\users\frank\documents\github\cs520project\apex_isa_implementation\apex_isa_implementation\release\global.obj
c:\users\frank\documents\github\cs520project\apex_isa_implementation\apex_isa_implementation\release\fetch.obj
c:\users\frank\documents\github\cs520project\apex_isa_implementation\apex_isa_implementation\release\delay.obj
c:\users\frank\documents\github\cs520project\apex_isa_implementation\apex_isa_implementation\release\decode.obj
c:\users\frank\documents\github\cs520project\apex_isa_implementation\apex_isa_implementation\release\branch.obj
c:\users\frank\documents\github\cs520project\apex_isa_implementation\apex_isa_implementation\release\apex_isa_implementation.obj
c:\users\frank\documents\github\cs520project\apex_isa_implementation\apex_isa_implementation\release\alu2.obj
c:\users\frank\documents\github\cs520project\apex_isa_implementation\apex_isa_implementation\release\alu1.obj
c:\users\frank\documents\github\cs520project\apex_isa_implementation\release\apex_isa_implementation.exe
c:\users\frank\documents\github\cs520project\apex_isa_implementation\release\apex_isa_implementation.pdb
c:\users\frank\documents\github\cs520project\apex_isa_implementation\apex_isa_implementation\release\apex_isa_implementation.res
c:\users\frank\documents\github\cs520project\apex_isa_implementation\apex_isa_implementation\release\apex_isa.3826e0e0.tlog\cl.command.1.tlog
c:\users\frank\documents\github\cs520project\apex_isa_implementation\apex_isa_implementation\release\apex_isa.3826e0e0.tlog\cl.read.1.tlog
c:\users\frank\documents\github\cs520project\apex_isa_implementation\apex_isa_implementation\release\apex_isa.3826e0e0.tlog\cl.write.1.tlog
c:\users\frank\documents\github\cs520project\apex_isa_implementation\apex_isa_implementation\release\apex_isa.3826e0e0.tlog\link.command.1.tlog
c:\users\frank\documents\github\cs520project\apex_isa_implementation\apex_isa_implementation\release\apex_isa.3826e0e0.tlog\link.read.1.tlog
c:\users\frank\documents\github\cs520project\apex_isa_implementation\apex_isa_implementation\release\apex_isa.3826e0e0.tlog\link.write.1.tlog
c:\users\frank\documents\github\cs520project\apex_isa_implementation\apex_isa_implementation\release\apex_isa.3826e0e0.tlog\rc.command.1.tlog
c:\users\frank\documents\github\cs520project\apex_isa_implementation\apex_isa_implementation\release\apex_isa.3826e0e0.tlog\rc.read.1.tlog
c:\users\frank\documents\github\cs520project\apex_isa_implementation\apex_isa_implementation\release\apex_isa.3826e0e0.tlog\rc.write.1.tlog
